mktextfm SimSun
mktextfm SimSun
mktextfm KaiTi
mktextfm KaiTi/B
mktextfm SimHei
mktextfm SimHei/I
mktextfm SimSun
mktextfm SimSun/BI
mktextfm SimSun
mktextfm SimSun
mktextfm SimHei
mktextfm SimHei
mktextfm KaiTi
mktextfm KaiTi
mktextfm SimSun
mktextfm KaiTi
mktextfm KaiTi
mktextfm SimHei
mktextfm SimHei/I
mktextfm KaiTi
mktextfm KaiTi/BI
mktextfm KaiTi
mktextfm KaiTi/I
mktextfm KaiTi
mktextfm KaiTi
mktextfm SimHei
mktextfm SimHei
mktextfm NSimSun
mktextfm NSimSun
mktextfm NSimSun
mktextfm NSimSun/BI
mktextfm NSimSun
mktextfm NSimSun/B
mktextfm NSimSun
mktextfm NSimSun/I
mktextfm NSimSun
mktextfm NSimSun
mktextfm SimSun
mktextfm SimSun
mktextfm SimSun
mktextfm SimSun
mktextfm gbsnu3d
mktextfm gbsnu3d
mktextfm gbsnu3d
mktextfm gbsnu3d
mktextfm gbsnu3d
mktextfm gbsnu3d
